[2019-08-02 12:22:23.478] [exthost] [info] extension host started
[2019-08-02 12:22:24.577] [exthost] [info] extension host started
[2019-08-02 12:22:24.622] [exthost] [info] ExtensionService#_doActivateExtension vscode.debug-auto-launch {"startup":true,"activationEvent":"*"}
[2019-08-02 12:22:24.622] [exthost] [info] ExtensionService#loadCommonJSModule c:\Users\Inspiron\.codemix\engine\resources\app\extensions\debug-auto-launch\dist\extension
[2019-08-02 12:22:24.631] [exthost] [info] ExtensionService#_doActivateExtension vscode.emmet {"startup":true,"activationEvent":"*"}
[2019-08-02 12:22:24.631] [exthost] [info] ExtensionService#loadCommonJSModule c:\Users\Inspiron\.codemix\engine\resources\app\extensions\emmet\dist\extension
[2019-08-02 12:22:24.678] [exthost] [info] ExtensionService#_doActivateExtension christian-kohler.path-intellisense {"startup":true,"activationEvent":"*"}
[2019-08-02 12:22:24.678] [exthost] [info] ExtensionService#loadCommonJSModule C:\Users\Inspiron\.codemix\extensions\christian-kohler.path-intellisense-1.4.2\out\src\extension
[2019-08-02 12:22:24.728] [exthost] [info] ExtensionService#_doActivateExtension dbaeumer.vscode-eslint {"startup":true,"activationEvent":"*"}
[2019-08-02 12:22:24.729] [exthost] [info] ExtensionService#loadCommonJSModule C:\Users\Inspiron\.codemix\extensions\dbaeumer.vscode-eslint-1.9.0\client\out\extension
[2019-08-02 12:22:24.838] [exthost] [info] ExtensionService#_doActivateExtension formulahendry.auto-close-tag {"startup":true,"activationEvent":"*"}
[2019-08-02 12:22:24.838] [exthost] [info] ExtensionService#loadCommonJSModule C:\Users\Inspiron\.codemix\extensions\formulahendry.auto-close-tag-0.5.6\out\src\extension
[2019-08-02 12:22:24.842] [exthost] [info] ExtensionService#_doActivateExtension formulahendry.auto-rename-tag {"startup":true,"activationEvent":"*"}
[2019-08-02 12:22:24.842] [exthost] [info] ExtensionService#loadCommonJSModule C:\Users\Inspiron\.codemix\extensions\formulahendry.auto-rename-tag-0.0.15\out\src\extension
[2019-08-02 12:22:24.853] [exthost] [info] ExtensionService#_doActivateExtension vscode.configuration-editing {"startup":false,"activationEvent":"onLanguage:jsonc"}
[2019-08-02 12:22:24.853] [exthost] [info] ExtensionService#loadCommonJSModule c:\Users\Inspiron\.codemix\engine\resources\app\extensions\configuration-editing\dist\extension
[2019-08-02 12:22:24.875] [exthost] [info] ExtensionService#_doActivateExtension vscode.json-language-features {"startup":false,"activationEvent":"onLanguage:jsonc"}
[2019-08-02 12:22:24.875] [exthost] [info] ExtensionService#loadCommonJSModule c:\Users\Inspiron\.codemix\engine\resources\app\extensions\json-language-features\client\dist\jsonMain
[2019-08-02 12:22:25.097] [exthost] [info] ExtensionService#_doActivateExtension vscode.typescript-language-features {"startup":false,"activationEvent":"onLanguage:jsonc"}
[2019-08-02 12:22:25.097] [exthost] [info] ExtensionService#loadCommonJSModule c:\Users\Inspiron\.codemix\engine\resources\app\extensions\typescript-language-features\dist\extension
[2019-08-02 12:22:25.275] [exthost] [info] ExtensionService#_doActivateExtension vscode.grunt {"startup":false,"activationEvent":"onCommand:workbench.action.tasks.runTask"}
[2019-08-02 12:22:25.275] [exthost] [info] ExtensionService#loadCommonJSModule c:\Users\Inspiron\.codemix\engine\resources\app\extensions\grunt\dist\main
[2019-08-02 12:22:25.286] [exthost] [info] ExtensionService#_doActivateExtension vscode.gulp {"startup":false,"activationEvent":"onCommand:workbench.action.tasks.runTask"}
[2019-08-02 12:22:25.286] [exthost] [info] ExtensionService#loadCommonJSModule c:\Users\Inspiron\.codemix\engine\resources\app\extensions\gulp\dist\main
[2019-08-02 12:22:25.295] [exthost] [info] ExtensionService#_doActivateExtension vscode.jake {"startup":false,"activationEvent":"onCommand:workbench.action.tasks.runTask"}
[2019-08-02 12:22:25.295] [exthost] [info] ExtensionService#loadCommonJSModule c:\Users\Inspiron\.codemix\engine\resources\app\extensions\jake\dist\main
[2019-08-02 12:22:25.305] [exthost] [info] ExtensionService#_doActivateExtension vscode.npm {"startup":false,"activationEvent":"onCommand:workbench.action.tasks.runTask"}
[2019-08-02 12:22:25.305] [exthost] [info] ExtensionService#loadCommonJSModule c:\Users\Inspiron\.codemix\engine\resources\app\extensions\npm\dist\main
[2019-08-02 12:22:26.426] [exthost] [info] eager extensions activated
